<?xml version="1.0" encoding="utf-8" standalone="no"?>
<!--This file represents the results of running a test suite-->
<test-results name="/home/jp/Projects/symlinkmaker/SymlinkMaker.CLI/SymlinkMaker.CLI.csproj" total="5" failures="0" not-run="0" date="2016-10-03" time="03:45:06">
  <environment nunit-version="2.4.8.0" clr-version="4.0.30319.42000" os-version="Unix 4.7.2.1" platform="Unix" cwd="/home/jp/Projects/symlinkmaker/SymlinkMaker.CLI" machine-name="jp-arch-laptop" user="jp" user-domain="jp-arch-laptop" />
  <culture-info current-culture="en-CA" current-uiculture="en-CA" />
  <test-suite name="/home/jp/Projects/symlinkmaker/SymlinkMaker.CLI/SymlinkMaker.CLI.csproj" success="True" time="0.038" asserts="0">
    <results>
      <test-suite name="/home/jp/Projects/symlinkmaker/SymlinkMaker.CLI/bin/Release/SymlinkMaker.CLI.exe" success="True" time="0.037" asserts="0">
        <results>
          <test-suite name="SymlinkMaker" success="True" time="0.036" asserts="0">
            <results>
              <test-suite name="CLI" success="True" time="0.034" asserts="0">
                <results>
                  <test-suite name="ProgramTest" success="True" time="0.029" asserts="0">
                    <results>
                      <test-case name="SymlinkMaker.CLI.ProgramTest.DoWholeProcess_ShouldReturnFalse_IfSourceDirNameIsInvalid" executed="True" success="True" time="0.017" asserts="0" />
                      <test-case name="SymlinkMaker.CLI.ProgramTest.DoWholeProcess_ShouldReturnFalse_IfTargetDirNameIsInvalid" executed="True" success="True" time="0.001" asserts="0" />
                      <test-case name="SymlinkMaker.CLI.ProgramTest.DoWholeProcess_ShouldThrowException_IfNoSourceDirName" executed="True" success="True" time="0.005" asserts="0" />
                      <test-case name="SymlinkMaker.CLI.ProgramTest.DoWholeProcess_ShouldThrowException_IfNoTargetDirName" executed="True" success="True" time="0.000" asserts="0" />
                      <test-case name="SymlinkMaker.CLI.ProgramTest.ProcessArgs_ShouldThrowException_IfNoArgs" executed="True" success="True" time="0.000" asserts="0" />
                    </results>
                  </test-suite>
                </results>
              </test-suite>
            </results>
          </test-suite>
        </results>
      </test-suite>
    </results>
  </test-suite>
</test-results>